2016-06-11 04:20:32 Error: [PDOException] SQLSTATE[HY000] [2002] No such file or directory
Stack Trace:
#0 /Library/WebServer/Documents/amuba/vendor/cakephp/cakephp/src/Database/Driver/PDODriverTrait.php(48): PDO->__construct('mysql:host=loca...', 'root', '123456', Array)
#1 /Library/WebServer/Documents/amuba/vendor/cakephp/cakephp/src/Database/Driver/Mysql.php(90): Cake\Database\Driver\Mysql->_connect('mysql:host=loca...', Array)
#2 /Library/WebServer/Documents/amuba/vendor/cakephp/cakephp/src/Database/Schema/BaseSchema.php(45): Cake\Database\Driver\Mysql->connect()
#3 /Library/WebServer/Documents/amuba/vendor/cakephp/cakephp/src/Database/Dialect/MysqlDialectTrait.php(63): Cake\Database\Schema\BaseSchema->__construct(Object(Cake\Database\Driver\Mysql))
#4 /Library/WebServer/Documents/amuba/vendor/cakephp/cakephp/src/Database/Schema/Collection.php(52): Cake\Database\Driver\Mysql->schemaDialect()
#5 /Library/WebServer/Documents/amuba/vendor/cakephp/cakephp/src/Database/Schema/CachedCollection.php(43): Cake\Database\Schema\Collection->__construct(Object(Cake\Database\Connection))
#6 /Library/WebServer/Documents/amuba/vendor/cakephp/cakephp/src/Database/Connection.php(317): Cake\Database\Schema\CachedCollection->__construct(Object(Cake\Database\Connection), true)
#7 /Library/WebServer/Documents/amuba/vendor/cakephp/bake/src/Shell/Task/ModelTask.php(920): Cake\Database\Connection->schemaCollection()
#8 /Library/WebServer/Documents/amuba/vendor/cakephp/bake/src/Shell/Task/ModelTask.php(875): Bake\Shell\Task\ModelTask->_getAllTables()
#9 /Library/WebServer/Documents/amuba/vendor/cakephp/bake/src/Shell/Task/ModelTask.php(889): Bake\Shell\Task\ModelTask->listAll()
#10 /Library/WebServer/Documents/amuba/vendor/cakephp/bake/src/Shell/Task/ModelTask.php(90): Bake\Shell\Task\ModelTask->listUnskipped()
#11 [internal function]: Bake\Shell\Task\ModelTask->main()
#12 /Library/WebServer/Documents/amuba/vendor/cakephp/cakephp/src/Console/Shell.php(456): call_user_func_array(Array, Array)
#13 /Library/WebServer/Documents/amuba/vendor/cakephp/cakephp/src/Console/Shell.php(450): Cake\Console\Shell->runCommand(Array, false)
#14 /Library/WebServer/Documents/amuba/vendor/cakephp/cakephp/src/Console/ShellDispatcher.php(217): Cake\Console\Shell->runCommand(Array, true, Array)
#15 /Library/WebServer/Documents/amuba/vendor/cakephp/cakephp/src/Console/ShellDispatcher.php(181): Cake\Console\ShellDispatcher->_dispatch(Array)
#16 /Library/WebServer/Documents/amuba/vendor/cakephp/cakephp/src/Console/ShellDispatcher.php(127): Cake\Console\ShellDispatcher->dispatch(Array)
#17 /Library/WebServer/Documents/amuba/bin/cake.php(33): Cake\Console\ShellDispatcher::run(Array)
#18 {main}


2016-06-11 04:20:51 Error: [PDOException] SQLSTATE[HY000] [2002] No such file or directory
Stack Trace:
#0 /Library/WebServer/Documents/amuba/vendor/cakephp/cakephp/src/Database/Driver/PDODriverTrait.php(48): PDO->__construct('mysql:host=loca...', 'root', '123456', Array)
#1 /Library/WebServer/Documents/amuba/vendor/cakephp/cakephp/src/Database/Driver/Mysql.php(90): Cake\Database\Driver\Mysql->_connect('mysql:host=loca...', Array)
#2 /Library/WebServer/Documents/amuba/vendor/cakephp/cakephp/src/Database/Schema/BaseSchema.php(45): Cake\Database\Driver\Mysql->connect()
#3 /Library/WebServer/Documents/amuba/vendor/cakephp/cakephp/src/Database/Dialect/MysqlDialectTrait.php(63): Cake\Database\Schema\BaseSchema->__construct(Object(Cake\Database\Driver\Mysql))
#4 /Library/WebServer/Documents/amuba/vendor/cakephp/cakephp/src/Database/Schema/Collection.php(52): Cake\Database\Driver\Mysql->schemaDialect()
#5 /Library/WebServer/Documents/amuba/vendor/cakephp/cakephp/src/Database/Schema/CachedCollection.php(43): Cake\Database\Schema\Collection->__construct(Object(Cake\Database\Connection))
#6 /Library/WebServer/Documents/amuba/vendor/cakephp/cakephp/src/Database/Connection.php(317): Cake\Database\Schema\CachedCollection->__construct(Object(Cake\Database\Connection), true)
#7 /Library/WebServer/Documents/amuba/vendor/cakephp/bake/src/Shell/Task/ModelTask.php(920): Cake\Database\Connection->schemaCollection()
#8 /Library/WebServer/Documents/amuba/vendor/cakephp/bake/src/Shell/Task/ModelTask.php(875): Bake\Shell\Task\ModelTask->_getAllTables()
#9 /Library/WebServer/Documents/amuba/vendor/cakephp/bake/src/Shell/Task/ModelTask.php(889): Bake\Shell\Task\ModelTask->listAll()
#10 /Library/WebServer/Documents/amuba/vendor/cakephp/bake/src/Shell/Task/ModelTask.php(90): Bake\Shell\Task\ModelTask->listUnskipped()
#11 [internal function]: Bake\Shell\Task\ModelTask->main()
#12 /Library/WebServer/Documents/amuba/vendor/cakephp/cakephp/src/Console/Shell.php(456): call_user_func_array(Array, Array)
#13 /Library/WebServer/Documents/amuba/vendor/cakephp/cakephp/src/Console/Shell.php(450): Cake\Console\Shell->runCommand(Array, false)
#14 /Library/WebServer/Documents/amuba/vendor/cakephp/cakephp/src/Console/ShellDispatcher.php(217): Cake\Console\Shell->runCommand(Array, true, Array)
#15 /Library/WebServer/Documents/amuba/vendor/cakephp/cakephp/src/Console/ShellDispatcher.php(181): Cake\Console\ShellDispatcher->_dispatch(Array)
#16 /Library/WebServer/Documents/amuba/vendor/cakephp/cakephp/src/Console/ShellDispatcher.php(127): Cake\Console\ShellDispatcher->dispatch(Array)
#17 /Library/WebServer/Documents/amuba/bin/cake.php(33): Cake\Console\ShellDispatcher::run(Array)
#18 {main}


